2022.11.26 02:21:38 INFO  tracing is disabled for protocol LSP, to enable tracing of incoming and outgoing JSON messages create an empty file at /home/phoenix/dev/scala/parser/.metals/lsp.trace.json or /home/phoenix/.cache/metals/lsp.trace.json[0m
2022.11.26 02:21:38 INFO  logging to file /home/phoenix/dev/scala/parser/.metals/metals.log[0m
2022.11.26 02:21:38 INFO  Started: Metals version 0.11.9 in workspace '/home/phoenix/dev/scala/parser' for client Visual Studio Code 1.73.1.[0m
2022.11.26 02:21:45 INFO  time: initialize in 7.06s[0m
2022.11.26 02:21:46 WARN  Build server is not auto-connectable.[0m
2022.11.26 02:21:46 WARN  no build target for: /home/phoenix/dev/scala/parser/src/main/scala/example/Hello.scala[0m
Nov 26, 2022 2:21:53 AM org.eclipse.lsp4j.jsonrpc.RemoteEndpoint handleCancellation
WARNING: Unmatched cancel notification for request id 1
2022.11.26 02:21:56 INFO  running '/home/phoenix/.sdkman/candidates/java/current/bin/java -Djline.terminal=jline.UnsupportedTerminal -Dsbt.log.noformat=true -Dfile.encoding=UTF-8 -jar /tmp/metals8319662504753356019/sbt-launch.jar -Dbloop.export-jar-classifiers=sources bloopInstall'[0m
2022.11.26 02:21:57 WARN  no build target for: /home/phoenix/dev/scala/parser/project/metals.sbt[0m
2022.11.26 02:21:57 WARN  no build target for: /home/phoenix/dev/scala/parser/project/project/metals.sbt[0m
2022.11.26 02:21:57 INFO  skipping build import with status 'Started'[0m
2022.11.26 02:22:05 INFO  no build target found for /home/phoenix/dev/scala/parser/src/main/scala/example/Hello.scala. Using presentation compiler with project's scala-library version: 3.2.0[0m
2022.11.26 02:22:07 INFO  time: code lens generation in 11s[0m
2022.11.26 02:22:07 INFO  time: code lens generation in 13s[0m
2022.11.26 02:22:09 INFO  [info] welcome to sbt 1.7.2 (AdoptOpenJDK Java 16.0.1)[0m
2022.11.26 02:22:16 INFO  [info] loading settings for project parser-build-build from metals.sbt ...[0m
2022.11.26 02:22:24 INFO  [info] loading project definition from /home/phoenix/dev/scala/parser/project/project[0m
2022.11.26 02:22:35 INFO  [info] loading settings for project parser-build from metals.sbt ...[0m
2022.11.26 02:22:46 INFO  [info] loading project definition from /home/phoenix/dev/scala/parser/project[0m
2022.11.26 02:22:53 INFO  [success] Generated .bloop/parser-build.json[0m
2022.11.26 02:22:53 INFO  [info] compiling 1 Scala source to /home/phoenix/dev/scala/parser/project/target/scala-2.12/sbt-1.0/classes ...[0m
2022.11.26 02:22:53 INFO  [info] Non-compiled module 'compiler-bridge_2.12' for Scala 2.12.16. Compiling...[0m
2022.11.26 02:23:10 INFO  [info]   Compilation completed in 16.099s.[0m
2022.11.26 02:23:13 INFO  [info] done compiling[0m
2022.11.26 02:23:16 INFO  [success] Total time: 30 s, completed Nov 26, 2022, 2:23:16 AM[0m
2022.11.26 02:23:23 INFO  [info] loading settings for project root from build.sbt ...[0m
2022.11.26 02:23:26 INFO  [info] set current project to parser (in build file:/home/phoenix/dev/scala/parser/)[0m
2022.11.26 02:23:28 INFO  [success] Generated .bloop/root.json[0m
2022.11.26 02:23:28 INFO  [success] Generated .bloop/root-test.json[0m
2022.11.26 02:23:28 INFO  [success] Total time: 2 s, completed Nov 26, 2022, 2:23:28 AM[0m
2022.11.26 02:23:53 INFO  time: ran 'sbt bloopInstall' in 1m57s[0m
2022.11.26 02:23:53 INFO  Attempting to connect to the build server...[0m
2022.11.26 02:23:53 INFO  Setting up current java home /home/phoenix/.sdkman/candidates/java/current in /home/phoenix/.bloop/bloop.json[0m
2022.11.26 02:24:02 WARN  no build target for: /home/phoenix/dev/scala/parser/src/main/scala/example/Hello.scala[0m
Nov 26, 2022 2:24:02 AM org.eclipse.lsp4j.jsonrpc.RemoteEndpoint fallbackResponseError
SEVERE: Internal error: scala.meta.internal.metals.debug.BuildTargetNotFoundForPathException: No build target could be found for the path: /home/phoenix/dev/scala/parser/src/main/scala/example/Hello.scala
java.util.concurrent.CompletionException: scala.meta.internal.metals.debug.BuildTargetNotFoundForPathException: No build target could be found for the path: /home/phoenix/dev/scala/parser/src/main/scala/example/Hello.scala
	at java.base/java.util.concurrent.CompletableFuture.encodeThrowable(CompletableFuture.java:331)
	at java.base/java.util.concurrent.CompletableFuture.uniAcceptNow(CompletableFuture.java:743)
	at java.base/java.util.concurrent.CompletableFuture.uniAcceptStage(CompletableFuture.java:731)
	at java.base/java.util.concurrent.CompletableFuture.thenAcceptAsync(CompletableFuture.java:2182)
	at scala.concurrent.java8.FuturesConvertersImpl$CF.thenAccept(FutureConvertersImpl.scala:37)
	at org.eclipse.lsp4j.jsonrpc.RemoteEndpoint.handleRequest(RemoteEndpoint.java:279)
	at org.eclipse.lsp4j.jsonrpc.RemoteEndpoint.consume(RemoteEndpoint.java:190)
	at org.eclipse.lsp4j.jsonrpc.json.StreamMessageProducer.handleMessage(StreamMessageProducer.java:194)
	at org.eclipse.lsp4j.jsonrpc.json.StreamMessageProducer.listen(StreamMessageProducer.java:94)
	at org.eclipse.lsp4j.jsonrpc.json.ConcurrentMessageProcessor.run(ConcurrentMessageProcessor.java:113)
	at java.base/java.util.concurrent.Executors$RunnableAdapter.call(Executors.java:515)
	at java.base/java.util.concurrent.FutureTask.run(FutureTask.java:264)
	at java.base/java.util.concurrent.ThreadPoolExecutor.runWorker(ThreadPoolExecutor.java:1130)
	at java.base/java.util.concurrent.ThreadPoolExecutor$Worker.run(ThreadPoolExecutor.java:630)
	at java.base/java.lang.Thread.run(Thread.java:831)
Caused by: scala.meta.internal.metals.debug.BuildTargetNotFoundForPathException: No build target could be found for the path: /home/phoenix/dev/scala/parser/src/main/scala/example/Hello.scala
	at scala.meta.internal.metals.debug.DebugProvider.debugDiscovery(DebugProvider.scala:412)
	at scala.meta.internal.metals.MetalsLanguageServer.executeCommand(MetalsLanguageServer.scala:1963)
	at java.base/jdk.internal.reflect.NativeMethodAccessorImpl.invoke0(Native Method)
	at java.base/jdk.internal.reflect.NativeMethodAccessorImpl.invoke(NativeMethodAccessorImpl.java:78)
	at java.base/jdk.internal.reflect.DelegatingMethodAccessorImpl.invoke(DelegatingMethodAccessorImpl.java:43)
	at java.base/java.lang.reflect.Method.invoke(Method.java:567)
	at org.eclipse.lsp4j.jsonrpc.services.GenericEndpoint.lambda$null$0(GenericEndpoint.java:65)
	at org.eclipse.lsp4j.jsonrpc.services.GenericEndpoint.request(GenericEndpoint.java:120)
	at org.eclipse.lsp4j.jsonrpc.RemoteEndpoint.handleRequest(RemoteEndpoint.java:261)
	... 9 more

2022.11.26 02:24:09 INFO  tracing is disabled for protocol BSP, to enable tracing of incoming and outgoing JSON messages create an empty file at /home/phoenix/dev/scala/parser/.metals/bsp.trace.json or /home/phoenix/.cache/metals/bsp.trace.json[0m
2022.11.26 02:24:10 INFO  Attempting to connect to the build server...[0m
2022.11.26 02:24:10 INFO  Bloop uses /home/phoenix/.sdkman/candidates/java/current defined at /home/phoenix/.bloop/bloop.json[0m
2022.11.26 02:24:11 INFO  tracing is disabled for protocol BSP, to enable tracing of incoming and outgoing JSON messages create an empty file at /home/phoenix/dev/scala/parser/project/.metals/bsp.trace.json or /home/phoenix/.cache/metals/bsp.trace.json[0m
2022.11.26 02:24:11 INFO  time: Connected to build server in 18s[0m
2022.11.26 02:24:11 INFO  Connected to Build server: Bloop v1.5.4[0m
2022.11.26 02:24:21 INFO  time: indexed workspace in 9.69s[0m
2022.11.26 02:24:22 INFO  compiling root (1 scala source)[0m
2022.11.26 02:24:26 INFO  Deduplicating compilation of root from bsp client 'Metals 0.11.9' (since 16.912s)[0m
2022.11.26 02:24:26 INFO  compiling root (1 scala source)[0m
2022.11.26 02:24:40 INFO  compiling root-test (1 scala source)[0m
2022.11.26 02:24:40 INFO  time: compiled root in 14s[0m
2022.11.26 02:24:40 INFO  compiling parser-build (1 scala source)[0m
2022.11.26 02:24:40 INFO  Non-compiled module 'compiler-bridge_2.12' for Scala 2.12.16. Compiling...[0m
2022.11.26 02:24:48 INFO  time: compiled root-test in 8.76s[0m
2022.11.26 02:25:09 INFO    Compilation completed in 28.525s.[0m
2022.11.26 02:25:09 INFO  tracing is disabled for protocol dap-server, to enable tracing of incoming and outgoing JSON messages create an empty file at /home/phoenix/dev/scala/parser/.metals/dap-server.trace.json or /home/phoenix/.cache/metals/dap-server.trace.json[0m
2022.11.26 02:25:11 INFO  tracing is disabled for protocol dap-client, to enable tracing of incoming and outgoing JSON messages create an empty file at /home/phoenix/dev/scala/parser/.metals/dap-client.trace.json or /home/phoenix/.cache/metals/dap-client.trace.json[0m
2022.11.26 02:25:11 INFO  Starting debug proxy for [example.Hello][0m
2022.11.26 02:25:15 INFO  Trying to attach to remote debuggee VM localhost:45821 .[0m
2022.11.26 02:25:16 INFO  Attaching to debuggee VM succeeded.[0m
2022.11.26 02:25:17 INFO  Canceling debug proxy for [example.Hello][0m
2022.11.26 02:25:17 INFO  Closing debug server tcp://0.0.0.0:37081[0m
2022.11.26 02:25:17 INFO  time: compiled parser-build in 37s[0m
2022.11.26 02:25:25 INFO  Deduplicating compilation of root from bsp client 'Metals 0.11.9' (since 1m 15.748s)[0m
2022.11.26 02:25:25 INFO  tracing is disabled for protocol dap-server, to enable tracing of incoming and outgoing JSON messages create an empty file at /home/phoenix/dev/scala/parser/.metals/dap-server.trace.json or /home/phoenix/.cache/metals/dap-server.trace.json[0m
2022.11.26 02:25:28 INFO  tracing is disabled for protocol dap-client, to enable tracing of incoming and outgoing JSON messages create an empty file at /home/phoenix/dev/scala/parser/.metals/dap-client.trace.json or /home/phoenix/.cache/metals/dap-client.trace.json[0m
2022.11.26 02:25:28 INFO  Starting debug proxy for [example.Hello][0m
2022.11.26 02:25:28 INFO  Trying to attach to remote debuggee VM localhost:50765 .[0m
2022.11.26 02:25:30 INFO  Attaching to debuggee VM succeeded.[0m
2022.11.26 02:25:30 INFO  Canceling debug proxy for [example.Hello][0m
2022.11.26 02:25:30 INFO  Closing debug server tcp://0.0.0.0:38021[0m
2022.11.26 02:26:45 INFO  compiling root (1 scala source)[0m
2022.11.26 02:26:45 INFO  time: compiled root in 0.29s[0m
Nov 26, 2022 2:27:00 AM org.eclipse.lsp4j.jsonrpc.RemoteEndpoint handleCancellation
WARNING: Unmatched cancel notification for request id 132
Nov 26, 2022 2:27:10 AM org.eclipse.lsp4j.jsonrpc.RemoteEndpoint handleCancellation
WARNING: Unmatched cancel notification for request id 150
Nov 26, 2022 2:27:10 AM org.eclipse.lsp4j.jsonrpc.RemoteEndpoint handleCancellation
WARNING: Unmatched cancel notification for request id 151
Nov 26, 2022 2:27:10 AM org.eclipse.lsp4j.jsonrpc.RemoteEndpoint handleCancellation
WARNING: Unmatched cancel notification for request id 152
Nov 26, 2022 2:27:10 AM org.eclipse.lsp4j.jsonrpc.RemoteEndpoint handleCancellation
WARNING: Unmatched cancel notification for request id 153
Nov 26, 2022 2:27:10 AM org.eclipse.lsp4j.jsonrpc.RemoteEndpoint handleCancellation
WARNING: Unmatched cancel notification for request id 158
Nov 26, 2022 2:27:15 AM org.eclipse.lsp4j.jsonrpc.RemoteEndpoint handleCancellation
WARNING: Unmatched cancel notification for request id 180
Nov 26, 2022 2:27:18 AM org.eclipse.lsp4j.jsonrpc.RemoteEndpoint handleCancellation
WARNING: Unmatched cancel notification for request id 191
Nov 26, 2022 2:27:18 AM org.eclipse.lsp4j.jsonrpc.RemoteEndpoint handleCancellation
WARNING: Unmatched cancel notification for request id 192
Nov 26, 2022 2:27:18 AM org.eclipse.lsp4j.jsonrpc.RemoteEndpoint handleCancellation
WARNING: Unmatched cancel notification for request id 193
Nov 26, 2022 2:27:21 AM org.eclipse.lsp4j.jsonrpc.RemoteEndpoint handleCancellation
WARNING: Unmatched cancel notification for request id 215
Nov 26, 2022 2:27:21 AM org.eclipse.lsp4j.jsonrpc.RemoteEndpoint handleCancellation
WARNING: Unmatched cancel notification for request id 216
2022.11.26 02:27:26 INFO  compiling root (1 scala source)[0m
2022.11.26 02:27:26 INFO  time: compiled root in 89ms[0m
Nov 26, 2022 2:27:28 AM org.eclipse.lsp4j.jsonrpc.RemoteEndpoint handleCancellation
WARNING: Unmatched cancel notification for request id 241
Nov 26, 2022 2:27:28 AM org.eclipse.lsp4j.jsonrpc.RemoteEndpoint handleCancellation
WARNING: Unmatched cancel notification for request id 242
Nov 26, 2022 2:27:31 AM org.eclipse.lsp4j.jsonrpc.RemoteEndpoint handleCancellation
WARNING: Unmatched cancel notification for request id 256
2022.11.26 02:27:31 INFO  compiling root (1 scala source)[0m
2022.11.26 02:27:31 INFO  time: compiled root in 42ms[0m
2022.11.26 02:27:36 INFO  compiling root (1 scala source)[0m
2022.11.26 02:27:36 INFO  time: compiled root in 0.29s[0m
2022.11.26 02:30:32 INFO  compiling root (1 scala source)[0m
2022.11.26 02:30:32 INFO  time: compiled root in 0.26s[0m
Nov 26, 2022 2:30:49 AM org.eclipse.lsp4j.jsonrpc.RemoteEndpoint handleCancellation
WARNING: Unmatched cancel notification for request id 320
Nov 26, 2022 2:30:49 AM org.eclipse.lsp4j.jsonrpc.RemoteEndpoint handleCancellation
WARNING: Unmatched cancel notification for request id 319
Nov 26, 2022 2:30:49 AM org.eclipse.lsp4j.jsonrpc.RemoteEndpoint handleCancellation
WARNING: Unmatched cancel notification for request id 331
Nov 26, 2022 2:30:49 AM org.eclipse.lsp4j.jsonrpc.RemoteEndpoint handleCancellation
WARNING: Unmatched cancel notification for request id 332
Nov 26, 2022 2:30:50 AM org.eclipse.lsp4j.jsonrpc.RemoteEndpoint handleCancellation
WARNING: Unmatched cancel notification for request id 335
Nov 26, 2022 2:30:54 AM org.eclipse.lsp4j.jsonrpc.RemoteEndpoint handleCancellation
WARNING: Unmatched cancel notification for request id 353
Nov 26, 2022 2:30:54 AM org.eclipse.lsp4j.jsonrpc.RemoteEndpoint handleCancellation
WARNING: Unmatched cancel notification for request id 354
Nov 26, 2022 2:30:58 AM org.eclipse.lsp4j.jsonrpc.RemoteEndpoint handleCancellation
WARNING: Unmatched cancel notification for request id 366
2022.11.26 02:30:58 INFO  compiling root (1 scala source)[0m
2022.11.26 02:30:58 INFO  time: compiled root in 38ms[0m
2022.11.26 02:31:00 INFO  compiling root (1 scala source)[0m
2022.11.26 02:31:00 INFO  time: compiled root in 0.27s[0m
Nov 26, 2022 2:31:26 AM org.eclipse.lsp4j.jsonrpc.RemoteEndpoint handleCancellation
WARNING: Unmatched cancel notification for request id 380
Nov 26, 2022 2:31:26 AM org.eclipse.lsp4j.jsonrpc.RemoteEndpoint handleCancellation
WARNING: Unmatched cancel notification for request id 382
2022.11.26 02:31:31 INFO  compiling root (1 scala source)[0m
2022.11.26 02:31:31 INFO  time: compiled root in 0.28s[0m
Nov 26, 2022 2:33:28 AM org.eclipse.lsp4j.jsonrpc.RemoteEndpoint handleCancellation
WARNING: Unmatched cancel notification for request id 440
Nov 26, 2022 2:33:29 AM org.eclipse.lsp4j.jsonrpc.RemoteEndpoint handleCancellation
WARNING: Unmatched cancel notification for request id 442
something's wrong: no file:///home/phoenix/dev/scala/parser/src/main/scala/example/Parser.scala in example.Parser[<error>]RangePosition(file:///home/phoenix/dev/scala/parser/src/main/scala/example/Parser.scala, 110, 110, 126)
Nov 26, 2022 2:33:40 AM org.eclipse.lsp4j.jsonrpc.RemoteEndpoint handleCancellation
WARNING: Unmatched cancel notification for request id 479
Nov 26, 2022 2:33:45 AM org.eclipse.lsp4j.jsonrpc.RemoteEndpoint handleCancellation
WARNING: Unmatched cancel notification for request id 503
something's wrong: no file:///home/phoenix/dev/scala/parser/src/main/scala/example/Parser.scala in example.Parser[<error>]RangePosition(file:///home/phoenix/dev/scala/parser/src/main/scala/example/Parser.scala, 129, 129, 145)
Nov 26, 2022 2:33:48 AM org.eclipse.lsp4j.jsonrpc.RemoteEndpoint handleCancellation
WARNING: Unmatched cancel notification for request id 516
Nov 26, 2022 2:33:53 AM org.eclipse.lsp4j.jsonrpc.RemoteEndpoint handleCancellation
WARNING: Unmatched cancel notification for request id 525
Nov 26, 2022 2:33:53 AM org.eclipse.lsp4j.jsonrpc.RemoteEndpoint handleCancellation
WARNING: Unmatched cancel notification for request id 528
Nov 26, 2022 2:33:54 AM org.eclipse.lsp4j.jsonrpc.RemoteEndpoint handleCancellation
WARNING: Unmatched cancel notification for request id 533
2022.11.26 02:34:01 INFO  compiling root (1 scala source)[0m
2022.11.26 02:34:01 INFO  time: compiled root in 0.1s[0m
Nov 26, 2022 2:34:07 AM org.eclipse.lsp4j.jsonrpc.RemoteEndpoint handleCancellation
WARNING: Unmatched cancel notification for request id 580
2022.11.26 02:35:37 INFO  compiling root (1 scala source)[0m
2022.11.26 02:35:37 INFO  time: compiled root in 0.14s[0m
2022.11.26 02:37:43 INFO  compiling root (1 scala source)[0m
2022.11.26 02:37:43 INFO  time: compiled root in 0.14s[0m
Nov 26, 2022 2:38:37 AM org.eclipse.lsp4j.jsonrpc.RemoteEndpoint handleCancellation
WARNING: Unmatched cancel notification for request id 616
2022.11.26 16:04:05 INFO  shutting down Metals[0m
2022.11.26 16:04:05 INFO  Shut down connection with build server.[0m
